=========================================
WealthLog Maintenance Log
Date: Thu, Aug 21, 2025  2:54:09 PM
Command: deploy:check
=========================================

[2025-08-21 14:54:10] ===        PRE-DEPLOYMENT VALIDATION        ===
[2025-08-21 14:54:10] --- Checking Environment ---
[2025-08-21 14:54:10] WARNING: Backend .env contains localhost URLs
[2025-08-21 14:54:10] INFO: Ensure production env vars are set on Render
[2025-08-21 14:54:10] Backend .env has localhost URLs - needs production config on Render
[2025-08-21 14:54:10] --- Running Tests ---
[2025-08-21 14:54:10] ===            RUNNING TEST SUITE            ===
[2025-08-21 14:54:10] --- Testing Shared Package ---
[2025-08-21 14:54:10] TEST: Building shared package...

> @wealthlog/shared@0.0.1 build
> tsc

[2025-08-21 14:54:14] SUCCESS: Shared package builds
[2025-08-21 14:54:15] TEST: TypeScript validation...
[2025-08-21 14:54:19] SUCCESS: TypeScript valid
[2025-08-21 14:54:19] --- Testing Frontend ---
[2025-08-21 14:54:19] TEST: Checking dependencies...
[2025-08-21 14:54:20] SUCCESS: Required types installed
[2025-08-21 14:54:20] TEST: TypeScript validation...
pages/register.tsx(197,18): error TS2345: Argument of type '{ [k: string]: string; }' is not assignable to parameter of type 'RegisterData'.
  Type '{ [k: string]: string; }' is missing the following properties from type 'RegisterData': username, email, password, firstName, lastName
pages/trading/insights.tsx(85,49): error TS2345: Argument of type 'number' is not assignable to parameter of type 'string'.
pages/trading/trading.tsx(57,58): error TS2769: No overload matches this call.
  Overload 1 of 4, '(value: string | number | Date): Date', gave the following error.
    Argument of type 'string | undefined' is not assignable to parameter of type 'string | number | Date'.
      Type 'undefined' is not assignable to type 'string | number | Date'.
  Overload 2 of 4, '(value: string | number): Date', gave the following error.
    Argument of type 'string | undefined' is not assignable to parameter of type 'string | number'.
      Type 'undefined' is not assignable to type 'string | number'.
pages/trading/trading.tsx(57,92): error TS2769: No overload matches this call.
  Overload 1 of 4, '(value: string | number | Date): Date', gave the following error.
    Argument of type 'string | undefined' is not assignable to parameter of type 'string | number | Date'.
      Type 'undefined' is not assignable to type 'string | number | Date'.
  Overload 2 of 4, '(value: string | number): Date', gave the following error.
    Argument of type 'string | undefined' is not assignable to parameter of type 'string | number'.
      Type 'undefined' is not assignable to type 'string | number'.
pages/trading/trading.tsx(58,17): error TS2345: Argument of type 'Trade[]' is not assignable to parameter of type 'SetStateAction<Trade[]>'.
  Type 'import("C:/Users/User/Desktop/wealthlogs/wealthlog/wealthlog/packages/shared/dist/types/index").Trade[]' is not assignable to type 'Trade[]'.
    Type 'import("C:/Users/User/Desktop/wealthlogs/wealthlog/wealthlog/packages/shared/dist/types/index").Trade' is not assignable to type 'Trade'.
      Types of property 'instrument' are incompatible.
        Type 'string | undefined' is not assignable to type 'string'.
          Type 'undefined' is not assignable to type 'string'.
[2025-08-21 14:54:25] WARNING: 5 TypeScript warning(s) - details in log
[2025-08-21 14:54:25] TypeScript errors found: 5
[2025-08-21 14:54:26] TEST: Production build test...

> @wealthlog/web@0.1.0 build
> next build --no-lint

 âš  Linting is disabled.
   â–² Next.js 15.1.7
   - Environments: .env.local

   Skipping validation of types
   Creating an optimized production build ...
 âœ“ Compiled successfully
   Collecting page data ...
   Generating static pages (0/74) ...
   Generating static pages (18/74) 
   Generating static pages (36/74) 
   Generating static pages (55/74) 
 âœ“ Generating static pages (74/74)
   Finalizing page optimization ...
   Collecting build traces ...

Route (pages)                              Size     First Load JS
â”Œ â—‹ / (2012 ms)                            330 B           144 kB
â”œ   /_app                                  0 B             143 kB
â”œ â—‹ /404                                   2.42 kB         146 kB
â”œ â—‹ /accounts (2064 ms)                    5.72 kB         152 kB
â”œ â—‹ /adminAddRole (2016 ms)                972 B           147 kB
â”œ â—‹ /auth/callback (2012 ms)               636 B           144 kB
â”œ â—‹ /comingSoon (2013 ms)                  2.03 kB         145 kB
â”œ â—‹ /forgotPassword (2014 ms)              2.23 kB         148 kB
â”œ â— /landing/landing                       106 kB          252 kB
â”œ â—‹ /login (2012 ms)                       2.64 kB         146 kB
â”œ â—‹ /RealEstate                            3.78 kB         150 kB
â”œ â—‹ /register (2011 ms)                    4.78 kB         151 kB
â”œ â—‹ /reset-password                        2.33 kB         148 kB
â”œ â— /settings/settingsGeneral              1.44 kB         147 kB
â”œ â—‹ /settings/settingsTrading              2.96 kB         149 kB
â”œ â—‹ /trading/advancedFilter                7.04 kB         153 kB
â”œ â—‹ /trading/insights                      12.4 kB         158 kB
â”œ â—‹ /trading/trading                       8.11 kB         154 kB
â”” â—‹ /verify-email                          1.39 kB         147 kB
+ First Load JS shared by all              151 kB
  â”œ chunks/framework-aa24b5bf266408f1.js   57.7 kB
  â”œ chunks/main-829f5b0ac1357ffe.js        37.3 kB
  â”œ chunks/pages/_app-58f08ae447a1b023.js  46.6 kB
  â”” other shared chunks (total)            9.72 kB

â—‹  (Static)  prerendered as static content
â—  (SSG)     prerendered as static HTML (uses getStaticProps)

[2025-08-21 14:55:10] SUCCESS: Production build works
[2025-08-21 14:55:11] --- Testing Backend ---
[2025-08-21 14:55:11] TEST: Prisma schema validation...
Environment variables loaded from .env
Prisma schema loaded from prisma\schema.prisma
The schema at prisma\schema.prisma is valid ğŸš€
[2025-08-21 14:55:16] SUCCESS: Prisma schema valid
[2025-08-21 14:55:16] TEST: API route configuration...
[2025-08-21 14:55:16] SUCCESS: API routes configured correctly
[2025-08-21 14:55:17] API routes have /api prefix
[2025-08-21 14:55:17] --- Test Summary ---
[2025-08-21 14:55:17] WARNING: Tests passed with 5 non-critical warning(s)
[2025-08-21 14:55:17] INFO: Safe to deploy but consider fixing warnings
[2025-08-21 14:55:17] SUCCESS: Tests passed
[2025-08-21 14:55:17] --- Security Check ---
[2025-08-21 14:55:17] INFO: Scanning for exposed secrets...
[2025-08-21 14:55:19] WARNING: Potential secrets in code - verify they're not hardcoded
[2025-08-21 14:55:19] Potential secret in: ./apps/backend/src/middleware/passport.config.js
[2025-08-21 14:55:19] Potential secret in: ./apps/backend/src/services/token.service.js
[2025-08-21 14:55:19] --- Git Status ---
[2025-08-21 14:55:19] ===     âœ… READY FOR DEPLOYMENT!     ===
[2025-08-21 14:55:19] INFO: After pushing, monitor deployments at:
